14:48:17.181 [main] INFO  com.telran.repeat.tests.TestBase - Start test methodcreateContactTest
14:48:21.843 [main] INFO  com.telran.repeat.tests.TestBase - Stop test methodcreateContactTest
14:48:21.843 [main] INFO  com.telran.repeat.tests.TestBase - Start test methodcreateContactTest
14:48:26.192 [main] INFO  com.telran.repeat.tests.TestBase - Stop test methodcreateContactTest
14:48:26.193 [main] INFO  com.telran.repeat.tests.TestBase - Start test methodcreateContactTest
14:48:30.763 [main] INFO  com.telran.repeat.tests.TestBase - Stop test methodcreateContactTest
14:48:30.766 [main] INFO  com.telran.repeat.tests.TestBase - Start test methodcreateContactTest2
14:48:35.121 [main] INFO  com.telran.repeat.tests.TestBase - Stop test methodcreateContactTest2
14:48:35.123 [main] INFO  com.telran.repeat.tests.TestBase - Start test methodtestFirstContactDeletion
14:48:38.676 [main] INFO  com.telran.repeat.tests.TestBase - Stop test methodtestFirstContactDeletion
14:48:38.677 [main] INFO  com.telran.repeat.tests.TestBase - Start test methodtestLastContactDeletion
14:48:42.306 [main] INFO  com.telran.repeat.tests.TestBase - Stop test methodtestLastContactDeletion
14:48:42.309 [main] INFO  com.telran.repeat.tests.TestBase - Start test methodtestsContactModification
14:48:43.475 [main] INFO  com.telran.repeat.tests.TestBase - Stop test methodtestsContactModification
14:48:43.475 [main] INFO  com.telran.repeat.tests.TestBase - Start test methodtestsContactModification
14:48:44.603 [main] INFO  com.telran.repeat.tests.TestBase - Stop test methodtestsContactModification
14:48:44.605 [main] INFO  com.telran.repeat.tests.TestBase - Start test methodtestsContactModification
14:48:45.738 [main] INFO  com.telran.repeat.tests.TestBase - Stop test methodtestsContactModification
14:48:45.740 [main] INFO  com.telran.repeat.tests.TestBase - Start test methodtestGroupCreation
14:48:46.625 [main] INFO  com.telran.repeat.tests.TestBase - Stop test methodtestGroupCreation
14:48:46.626 [main] INFO  com.telran.repeat.tests.TestBase - Start test methodtestGroupCreation
14:48:47.482 [main] INFO  com.telran.repeat.tests.TestBase - Stop test methodtestGroupCreation
14:48:47.483 [main] INFO  com.telran.repeat.tests.TestBase - Start test methodtestGroupCreation
14:48:48.218 [main] INFO  com.telran.repeat.tests.TestBase - Stop test methodtestGroupCreation
14:48:48.219 [main] INFO  com.telran.repeat.tests.TestBase - Start test methodtestGroupCreation
14:48:49.083 [main] INFO  com.telran.repeat.tests.TestBase - Stop test methodtestGroupCreation
14:48:49.084 [main] INFO  com.telran.repeat.tests.TestBase - Start test methodtestFirstGroupDeletion
14:48:49.487 [main] INFO  com.telran.repeat.tests.TestBase - Stop test methodtestFirstGroupDeletion
14:48:49.488 [main] INFO  com.telran.repeat.tests.TestBase - Start test methodtestLastGroupDeletion
14:48:49.866 [main] INFO  com.telran.repeat.tests.TestBase - Stop test methodtestLastGroupDeletion
14:48:49.867 [main] INFO  com.telran.repeat.tests.TestBase - Start test methodtestEmptyGroupModification
14:48:50.719 [main] INFO  com.telran.repeat.tests.TestBase - Stop test methodtestEmptyGroupModification
14:48:50.723 [main] INFO  com.telran.repeat.tests.TestBase - Start test methodtestGroupModification
14:48:51.754 [main] INFO  com.telran.repeat.tests.TestBase - Stop test methodtestGroupModification
14:48:51.755 [main] INFO  com.telran.repeat.tests.TestBase - Start test methodtestGroupModification
14:48:52.642 [main] INFO  com.telran.repeat.tests.TestBase - Stop test methodtestGroupModification
14:48:52.643 [main] INFO  com.telran.repeat.tests.TestBase - Start test methodtestGroupModification
14:48:53.494 [main] INFO  com.telran.repeat.tests.TestBase - Stop test methodtestGroupModification
14:48:53.495 [main] INFO  com.telran.repeat.tests.TestBase - Start test methodtestGroupModification
14:48:54.445 [main] INFO  com.telran.repeat.tests.TestBase - Stop test methodtestGroupModification
