14:52:34.563 [main] INFO  com.telran.repeat.tests.TestBase - Start test methodcreateContactTest
14:52:39.330 [main] INFO  com.telran.repeat.tests.TestBase - Stop test methodcreateContactTest
14:52:39.331 [main] INFO  com.telran.repeat.tests.TestBase - Start test methodcreateContactTest
14:52:43.718 [main] INFO  com.telran.repeat.tests.TestBase - Stop test methodcreateContactTest
14:52:43.720 [main] INFO  com.telran.repeat.tests.TestBase - Start test methodcreateContactTest
14:52:47.890 [main] INFO  com.telran.repeat.tests.TestBase - Stop test methodcreateContactTest
14:52:47.891 [main] INFO  com.telran.repeat.tests.TestBase - Start test methodcreateContactTest2
14:52:52.183 [main] INFO  com.telran.repeat.tests.TestBase - Stop test methodcreateContactTest2
14:52:52.186 [main] INFO  com.telran.repeat.tests.TestBase - Start test methodtestFirstContactDeletion
14:53:10.784 [main] INFO  com.telran.repeat.tests.TestBase - Stop test methodtestFirstContactDeletion
14:53:10.784 [main] INFO  com.telran.repeat.tests.TestBase - Start test methodtestLastContactDeletion
14:53:14.367 [main] INFO  com.telran.repeat.tests.TestBase - Stop test methodtestLastContactDeletion
14:53:14.369 [main] INFO  com.telran.repeat.tests.TestBase - Start test methodtestsContactModification
14:53:15.452 [main] INFO  com.telran.repeat.tests.TestBase - Stop test methodtestsContactModification
14:53:15.452 [main] INFO  com.telran.repeat.tests.TestBase - Start test methodtestsContactModification
14:53:16.704 [main] INFO  com.telran.repeat.tests.TestBase - Stop test methodtestsContactModification
14:53:16.706 [main] INFO  com.telran.repeat.tests.TestBase - Start test methodtestsContactModification
14:53:17.984 [main] INFO  com.telran.repeat.tests.TestBase - Stop test methodtestsContactModification
14:53:17.985 [main] INFO  com.telran.repeat.tests.TestBase - Start test methodtestGroupCreation
14:53:18.929 [main] INFO  com.telran.repeat.tests.TestBase - Stop test methodtestGroupCreation
14:53:18.930 [main] INFO  com.telran.repeat.tests.TestBase - Start test methodtestGroupCreation
14:53:20.049 [main] INFO  com.telran.repeat.tests.TestBase - Stop test methodtestGroupCreation
14:53:20.050 [main] INFO  com.telran.repeat.tests.TestBase - Start test methodtestGroupCreation
14:53:20.886 [main] INFO  com.telran.repeat.tests.TestBase - Stop test methodtestGroupCreation
14:53:20.887 [main] INFO  com.telran.repeat.tests.TestBase - Start test methodtestGroupCreation
14:53:21.650 [main] INFO  com.telran.repeat.tests.TestBase - Stop test methodtestGroupCreation
14:53:21.650 [main] INFO  com.telran.repeat.tests.TestBase - Start test methodtestFirstGroupDeletion
14:53:22.130 [main] INFO  com.telran.repeat.tests.TestBase - Stop test methodtestFirstGroupDeletion
14:53:22.131 [main] INFO  com.telran.repeat.tests.TestBase - Start test methodtestLastGroupDeletion
14:53:22.646 [main] INFO  com.telran.repeat.tests.TestBase - Stop test methodtestLastGroupDeletion
14:53:22.650 [main] INFO  com.telran.repeat.tests.TestBase - Start test methodtestEmptyGroupModification
14:53:23.958 [main] INFO  com.telran.repeat.tests.TestBase - Stop test methodtestEmptyGroupModification
14:53:23.960 [main] INFO  com.telran.repeat.tests.TestBase - Start test methodtestGroupModification
14:53:25.109 [main] INFO  com.telran.repeat.tests.TestBase - Stop test methodtestGroupModification
14:53:25.109 [main] INFO  com.telran.repeat.tests.TestBase - Start test methodtestGroupModification
14:53:26.172 [main] INFO  com.telran.repeat.tests.TestBase - Stop test methodtestGroupModification
14:53:26.173 [main] INFO  com.telran.repeat.tests.TestBase - Start test methodtestGroupModification
14:53:27.123 [main] INFO  com.telran.repeat.tests.TestBase - Stop test methodtestGroupModification
14:53:27.123 [main] INFO  com.telran.repeat.tests.TestBase - Start test methodtestGroupModification
14:53:28.037 [main] INFO  com.telran.repeat.tests.TestBase - Stop test methodtestGroupModification
