14:30:01.723 [main] INFO  com.telran.repeat.tests.TestBase - Start test methodcreateContactTest
14:30:06.320 [main] INFO  com.telran.repeat.tests.TestBase - Stop test methodcreateContactTest
14:30:06.321 [main] INFO  com.telran.repeat.tests.TestBase - Start test methodcreateContactTest
14:30:10.590 [main] INFO  com.telran.repeat.tests.TestBase - Stop test methodcreateContactTest
14:30:10.591 [main] INFO  com.telran.repeat.tests.TestBase - Start test methodcreateContactTest
14:30:14.702 [main] INFO  com.telran.repeat.tests.TestBase - Stop test methodcreateContactTest
14:30:14.703 [main] INFO  com.telran.repeat.tests.TestBase - Start test methodcreateContactTest2
14:30:18.832 [main] INFO  com.telran.repeat.tests.TestBase - Stop test methodcreateContactTest2
14:30:18.833 [main] INFO  com.telran.repeat.tests.TestBase - Start test methodtestFirstContactDeletion
14:30:22.330 [main] INFO  com.telran.repeat.tests.TestBase - Stop test methodtestFirstContactDeletion
14:30:22.332 [main] INFO  com.telran.repeat.tests.TestBase - Start test methodtestLastContactDeletion
14:30:25.824 [main] INFO  com.telran.repeat.tests.TestBase - Stop test methodtestLastContactDeletion
14:30:25.826 [main] INFO  com.telran.repeat.tests.TestBase - Start test methodtestsContactModification
14:30:27.128 [main] INFO  com.telran.repeat.tests.TestBase - Stop test methodtestsContactModification
14:30:27.128 [main] INFO  com.telran.repeat.tests.TestBase - Start test methodtestsContactModification
14:30:28.464 [main] INFO  com.telran.repeat.tests.TestBase - Stop test methodtestsContactModification
14:30:28.465 [main] INFO  com.telran.repeat.tests.TestBase - Start test methodtestsContactModification
14:30:29.745 [main] INFO  com.telran.repeat.tests.TestBase - Stop test methodtestsContactModification
14:30:29.746 [main] INFO  com.telran.repeat.tests.TestBase - Start test methodtestGroupCreation
14:30:30.672 [main] INFO  com.telran.repeat.tests.TestBase - Stop test methodtestGroupCreation
14:30:30.673 [main] INFO  com.telran.repeat.tests.TestBase - Start test methodtestGroupCreation
14:30:31.447 [main] INFO  com.telran.repeat.tests.TestBase - Stop test methodtestGroupCreation
14:30:31.449 [main] INFO  com.telran.repeat.tests.TestBase - Start test methodtestGroupCreation
14:30:32.300 [main] INFO  com.telran.repeat.tests.TestBase - Stop test methodtestGroupCreation
14:30:32.300 [main] INFO  com.telran.repeat.tests.TestBase - Start test methodtestGroupCreation
14:30:33.009 [main] INFO  com.telran.repeat.tests.TestBase - Stop test methodtestGroupCreation
14:30:33.010 [main] INFO  com.telran.repeat.tests.TestBase - Start test methodtestFirstGroupDeletion
14:30:33.360 [main] INFO  com.telran.repeat.tests.TestBase - Stop test methodtestFirstGroupDeletion
14:30:33.360 [main] INFO  com.telran.repeat.tests.TestBase - Start test methodtestLastGroupDeletion
14:30:33.754 [main] INFO  com.telran.repeat.tests.TestBase - Stop test methodtestLastGroupDeletion
14:30:33.754 [main] INFO  com.telran.repeat.tests.TestBase - Start test methodtestEmptyGroupModification
14:30:34.756 [main] INFO  com.telran.repeat.tests.TestBase - Stop test methodtestEmptyGroupModification
14:30:34.757 [main] INFO  com.telran.repeat.tests.TestBase - Start test methodtestGroupModification
14:30:35.815 [main] INFO  com.telran.repeat.tests.TestBase - Stop test methodtestGroupModification
14:30:35.816 [main] INFO  com.telran.repeat.tests.TestBase - Start test methodtestGroupModification
14:30:36.908 [main] INFO  com.telran.repeat.tests.TestBase - Stop test methodtestGroupModification
14:30:36.908 [main] INFO  com.telran.repeat.tests.TestBase - Start test methodtestGroupModification
14:30:37.980 [main] INFO  com.telran.repeat.tests.TestBase - Stop test methodtestGroupModification
14:30:37.980 [main] INFO  com.telran.repeat.tests.TestBase - Start test methodtestGroupModification
14:30:38.985 [main] INFO  com.telran.repeat.tests.TestBase - Stop test methodtestGroupModification
